0 info it worked if it ends with ok
1 verbose cli [ '/usr/local/bin/node',
1 verbose cli   '/usr/local/bin/npm',
1 verbose cli   'install',
1 verbose cli   'nforce' ]
2 info using npm@2.5.1
3 info using node@v0.12.0
4 warn package.json revume@1.0.0 No repository field.
5 warn package.json revume@1.0.0 No README data
6 warn package.json video-thumb@0.0.2 No repository field.
7 silly cache add args [ 'nforce', null ]
8 verbose cache add spec nforce
9 silly cache add parsed spec { raw: 'nforce',
9 silly cache add   scope: null,
9 silly cache add   name: 'nforce',
9 silly cache add   rawSpec: '',
9 silly cache add   spec: '*',
9 silly cache add   type: 'range' }
10 verbose addNamed nforce@*
11 silly addNamed semver.valid null
12 silly addNamed semver.validRange *
13 silly addNameRange { name: 'nforce', range: '*', hasData: false }
14 silly mapToRegistry name nforce
15 silly mapToRegistry using default registry
16 silly mapToRegistry registry https://registry.npmjs.org/
17 silly mapToRegistry uri https://registry.npmjs.org/nforce
18 verbose addNameRange registry:https://registry.npmjs.org/nforce not in flight; fetching
19 verbose request uri https://registry.npmjs.org/nforce
20 verbose request no auth needed
21 info attempt registry request try #1 at 8:26:52 AM
22 verbose request id 04f0564b2571a974
23 http request GET https://registry.npmjs.org/nforce
24 http 200 https://registry.npmjs.org/nforce
25 silly get cb [ 200,
25 silly get   { server: 'CouchDB/1.5.0 (Erlang OTP/R16B03)',
25 silly get     etag: '"9URSV9F87PUUFDWW2V2R18GME"',
25 silly get     'content-type': 'application/json',
25 silly get     'cache-control': 'max-age=60',
25 silly get     'content-length': '103054',
25 silly get     'accept-ranges': 'bytes',
25 silly get     date: 'Tue, 05 May 2015 13:26:53 GMT',
25 silly get     via: '1.1 varnish',
25 silly get     age: '0',
25 silly get     connection: 'keep-alive',
25 silly get     'x-served-by': 'cache-ord1734-ORD',
25 silly get     'x-cache': 'MISS',
25 silly get     'x-cache-hits': '0',
25 silly get     'x-timer': 'S1430832413.355641,VS0,VE251',
25 silly get     vary: 'Accept' } ]
26 verbose get saving nforce to /Users/Kevin/.npm/registry.npmjs.org/nforce/.cache.json
27 silly addNameRange number 2 { name: 'nforce', range: '*', hasData: true }
28 silly addNameRange versions [ 'nforce',
28 silly addNameRange   [ '0.0.1',
28 silly addNameRange     '0.0.2',
28 silly addNameRange     '0.0.3',
28 silly addNameRange     '0.0.4',
28 silly addNameRange     '0.0.5',
28 silly addNameRange     '0.0.6',
28 silly addNameRange     '0.0.7',
28 silly addNameRange     '0.1.0',
28 silly addNameRange     '0.1.1',
28 silly addNameRange     '0.2.0-alpha',
28 silly addNameRange     '0.2.0',
28 silly addNameRange     '0.2.1',
28 silly addNameRange     '0.2.2',
28 silly addNameRange     '0.2.3',
28 silly addNameRange     '0.2.4',
28 silly addNameRange     '0.2.5',
28 silly addNameRange     '0.3.0',
28 silly addNameRange     '0.3.1',
28 silly addNameRange     '0.4.0',
28 silly addNameRange     '0.4.1',
28 silly addNameRange     '0.4.2',
28 silly addNameRange     '0.4.3',
28 silly addNameRange     '0.4.4',
28 silly addNameRange     '0.5.0',
28 silly addNameRange     '0.5.1',
28 silly addNameRange     '0.5.2',
28 silly addNameRange     '0.5.3',
28 silly addNameRange     '0.6.0',
28 silly addNameRange     '0.6.1',
28 silly addNameRange     '0.6.2',
28 silly addNameRange     '0.7.0-alpha',
28 silly addNameRange     '0.7.0-alpha.1',
28 silly addNameRange     '0.7.0-beta',
28 silly addNameRange     '0.7.0-beta.1',
28 silly addNameRange     '0.7.0',
28 silly addNameRange     '0.8.0-beta.1',
28 silly addNameRange     '0.8.0-beta.2',
28 silly addNameRange     '0.8.0-beta.3',
28 silly addNameRange     '0.8.0-beta.4',
28 silly addNameRange     '0.8.0-beta.5',
28 silly addNameRange     '0.8.0-beta.6',
28 silly addNameRange     '0.8.0',
28 silly addNameRange     '0.9.0',
28 silly addNameRange     '0.9.1',
28 silly addNameRange     '0.9.2',
28 silly addNameRange     '0.9.3',
28 silly addNameRange     '0.9.4',
28 silly addNameRange     '0.10.0',
28 silly addNameRange     '1.0.0-beta.1',
28 silly addNameRange     '1.0.0-beta.2',
28 silly addNameRange     '1.0.0-beta.3',
28 silly addNameRange     '1.0.0',
28 silly addNameRange     '1.1.0',
28 silly addNameRange     '1.1.1' ] ]
29 verbose addNamed nforce@1.1.1
30 silly addNamed semver.valid 1.1.1
31 silly addNamed semver.validRange 1.1.1
32 silly mapToRegistry name nforce
33 silly mapToRegistry using default registry
34 silly mapToRegistry registry https://registry.npmjs.org/
35 silly mapToRegistry uri https://registry.npmjs.org/nforce
36 verbose addRemoteTarball https://registry.npmjs.org/nforce/-/nforce-1.1.1.tgz not in flight; adding
37 verbose addRemoteTarball [ 'https://registry.npmjs.org/nforce/-/nforce-1.1.1.tgz',
37 verbose addRemoteTarball   'a865aae7c18eabfa20b0f512fcbac9f05408d2c2' ]
38 info retry fetch attempt 1 at 8:26:52 AM
39 info attempt registry request try #1 at 8:26:52 AM
40 http fetch GET https://registry.npmjs.org/nforce/-/nforce-1.1.1.tgz
41 http fetch 200 https://registry.npmjs.org/nforce/-/nforce-1.1.1.tgz
42 silly fetchAndShaCheck shasum a865aae7c18eabfa20b0f512fcbac9f05408d2c2
43 verbose addTmpTarball /var/folders/db/s99_7k0n7ld2zb9gz5yrzfq80000gn/T/npm-6121-97931efd/registry.npmjs.org/nforce/-/nforce-1.1.1.tgz not in flight; adding
44 verbose addTmpTarball already have metadata; skipping unpack for nforce@1.1.1
45 silly cache afterAdd nforce@1.1.1
46 verbose afterAdd /Users/Kevin/.npm/nforce/1.1.1/package/package.json not in flight; writing
47 verbose afterAdd /Users/Kevin/.npm/nforce/1.1.1/package/package.json written
48 silly install resolved [ { author:
48 silly install resolved      { name: 'Kevin O\'Hara',
48 silly install resolved        email: 'kevnohara80@gmail.com',
48 silly install resolved        url: 'http://kevinmohara.com' },
48 silly install resolved     name: 'nforce',
48 silly install resolved     description: 'nforce is a REST API wrapper for force.com, database.com, and salesforce.com',
48 silly install resolved     version: '1.1.1',
48 silly install resolved     keywords:
48 silly install resolved      [ 'salesforce',
48 silly install resolved        'salesforce.com',
48 silly install resolved        'force.com',
48 silly install resolved        'database.com',
48 silly install resolved        'sfdc',
48 silly install resolved        'forcedotcom',
48 silly install resolved        'rest',
48 silly install resolved        'api' ],
48 silly install resolved     repository: { type: 'git', url: 'git://github.com/kevinohara80/nforce.git' },
48 silly install resolved     main: 'index.js',
48 silly install resolved     dependencies:
48 silly install resolved      { bluebird: '^2.3.11',
48 silly install resolved        faye: '1.1.0',
48 silly install resolved        lodash: '2.4.1',
48 silly install resolved        mime: '1.2.11',
48 silly install resolved        request: '^2.49.0' },
48 silly install resolved     devDependencies:
48 silly install resolved      { 'body-parser': '1.0.2',
48 silly install resolved        'cookie-parser': '1.0.1',
48 silly install resolved        express: '4.1.1',
48 silly install resolved        'express-session': '1.0.4',
48 silly install resolved        gulp: '^3.8.10',
48 silly install resolved        'gulp-jshint': '^1.9.0',
48 silly install resolved        jade: '1.3.1',
48 silly install resolved        'jshint-stylish': '^1.0.0',
48 silly install resolved        mocha: '1.18.2',
48 silly install resolved        'run-sequence': '^1.0.2',
48 silly install resolved        should: '3.3.1' },
48 silly install resolved     optionalDependencies: {},
48 silly install resolved     engines: { node: '*' },
48 silly install resolved     bugs: { url: 'http://github.com/kevinohara80/nforce/issues' },
48 silly install resolved     scripts: { test: './node_modules/mocha/bin/mocha --reporter spec' },
48 silly install resolved     license:
48 silly install resolved      { type: 'MIT',
48 silly install resolved        url: 'https://raw.github.com/kevinohara80/nforce/master/LICENSE' },
48 silly install resolved     gitHead: 'f9f5f9d3768e72a0337be0ccdafb0d4f919cbf9b',
48 silly install resolved     homepage: 'https://github.com/kevinohara80/nforce',
48 silly install resolved     _id: 'nforce@1.1.1',
48 silly install resolved     _shasum: 'a865aae7c18eabfa20b0f512fcbac9f05408d2c2',
48 silly install resolved     _from: 'nforce@*',
48 silly install resolved     _npmVersion: '2.7.5',
48 silly install resolved     _nodeVersion: '0.12.2',
48 silly install resolved     _npmUser: { name: 'kevinohara80', email: 'kevinohara80@gmail.com' },
48 silly install resolved     maintainers: [ [Object] ],
48 silly install resolved     dist:
48 silly install resolved      { shasum: 'a865aae7c18eabfa20b0f512fcbac9f05408d2c2',
48 silly install resolved        tarball: 'http://registry.npmjs.org/nforce/-/nforce-1.1.1.tgz' },
48 silly install resolved     directories: {},
48 silly install resolved     _resolved: 'https://registry.npmjs.org/nforce/-/nforce-1.1.1.tgz' } ]
49 info install nforce@1.1.1 into /Users/Kevin/Desktop/revume
50 info installOne nforce@1.1.1
51 verbose installOne of nforce to /Users/Kevin/Desktop/revume not in flight; installing
52 verbose lock using /Users/Kevin/.npm/_locks/nforce-aa995e5eb763430b.lock for /Users/Kevin/Desktop/revume/node_modules/nforce
53 silly install write writing nforce 1.1.1 to /Users/Kevin/Desktop/revume/node_modules/nforce
54 silly cache addNamed cb nforce@1.1.1
55 verbose unbuild node_modules/nforce
56 verbose gentlyRm vacuuming /Users/Kevin/Desktop/revume/node_modules/nforce
57 verbose tar unpack /Users/Kevin/.npm/nforce/1.1.1/package.tgz
58 verbose tar unpacking to /Users/Kevin/Desktop/revume/node_modules/nforce
59 verbose gentlyRm vacuuming /Users/Kevin/Desktop/revume/node_modules/nforce
60 silly gunzTarPerm modes [ '755', '644' ]
61 silly gunzTarPerm extractEntry package.json
62 silly gunzTarPerm extractEntry .npmignore
63 silly gunzTarPerm extractEntry README.md
64 silly gunzTarPerm extractEntry LICENSE
65 silly gunzTarPerm extractEntry Gulpfile.js
66 silly gunzTarPerm extractEntry index.js
67 silly gunzTarPerm extractEntry .jshintrc
68 silly gunzTarPerm extractEntry examples/attachment-getbody.js
69 silly gunzTarPerm extractEntry examples/crud.js
70 silly gunzTarPerm extractEntry examples/describe.js
71 silly gunzTarPerm extractEntry examples/doc-insert.js
72 silly gunzTarPerm extractEntry examples/system-topic.js
73 silly gunzTarPerm extractEntry examples/crud-promises.js
74 silly gunzTarPerm extractEntry examples/get-record.js
75 silly gunzTarPerm extractEntry examples/attachment-insert-update.js
76 silly gunzTarPerm extractEntry examples/metadata.js
77 silly gunzTarPerm extractEntry examples/sobjects.js
78 silly gunzTarPerm extractEntry examples/query.js
79 silly gunzTarPerm extractEntry examples/autorefresh-un.js
80 silly gunzTarPerm extractEntry examples/resources.js
81 silly gunzTarPerm extractEntry examples/autorefresh-un-promise.js
82 silly gunzTarPerm extractEntry examples/revoke.js
83 silly gunzTarPerm extractEntry examples/upsert.js
84 silly gunzTarPerm extractEntry examples/search.js
85 silly gunzTarPerm extractEntry examples/auth-in-config.js
86 silly gunzTarPerm extractEntry examples/single.js
87 silly gunzTarPerm extractEntry examples/auth-in-config-promise.js
88 silly gunzTarPerm extractEntry examples/sobjects-promises.js
89 silly gunzTarPerm extractEntry examples/stream.js
90 silly gunzTarPerm extractEntry examples/versions.js
91 silly gunzTarPerm extractEntry examples/identity.js
92 silly gunzTarPerm extractEntry examples/plugin/myplugin.js
93 silly gunzTarPerm extractEntry examples/plugin/test.js
94 silly gunzTarPerm extractEntry examples/express-mw/app.js
95 silly gunzTarPerm extractEntry examples/express-mw/public/stylesheets/style.css
96 silly gunzTarPerm extractEntry examples/express-mw/views/index.jade
97 silly gunzTarPerm extractEntry examples/express-mw/views/layout.jade
98 silly gunzTarPerm extractEntry examples/express-mw/views/query.jade
99 silly gunzTarPerm extractEntry examples/documents/testdoc.docx
100 silly gunzTarPerm extractEntry examples/autorefresh/app.js
101 silly gunzTarPerm extractEntry examples/autorefresh/views/index.jade
102 silly gunzTarPerm extractEntry CHANGELOG.md
103 silly gunzTarPerm extractEntry lib/errors.js
104 silly gunzTarPerm extractEntry lib/fdcstream.js
105 silly gunzTarPerm extractEntry lib/multipart.js
106 silly gunzTarPerm extractEntry lib/promises.js
107 silly gunzTarPerm extractEntry lib/record.js
108 silly gunzTarPerm extractEntry lib/util.js
109 silly gunzTarPerm extractEntry CONTRIBUTORS.md
110 silly gunzTarPerm extractEntry test/connection.js
111 silly gunzTarPerm extractEntry test/crud.js
112 silly gunzTarPerm extractEntry test/errors.js
113 silly gunzTarPerm extractEntry test/plugin.js
114 silly gunzTarPerm extractEntry test/promises.js
115 silly gunzTarPerm extractEntry test/query.js
116 silly gunzTarPerm extractEntry test/record.js
117 silly gunzTarPerm extractEntry test/mocha.opts
118 silly gunzTarPerm extractEntry test/mock/sfdc-rest-api.js
119 info preinstall nforce@1.1.1
120 silly prepareForInstallMany adding bluebird@^2.3.11 from nforce dependencies
121 silly prepareForInstallMany adding faye@1.1.0 from nforce dependencies
122 silly prepareForInstallMany adding lodash@2.4.1 from nforce dependencies
123 silly prepareForInstallMany adding mime@1.2.11 from nforce dependencies
124 silly prepareForInstallMany adding request@^2.49.0 from nforce dependencies
125 silly cache add args [ 'faye@1.1.0', null ]
126 verbose cache add spec faye@1.1.0
127 silly cache add parsed spec { raw: 'faye@1.1.0',
127 silly cache add   scope: null,
127 silly cache add   name: 'faye',
127 silly cache add   rawSpec: '1.1.0',
127 silly cache add   spec: '1.1.0',
127 silly cache add   type: 'version' }
128 verbose addNamed faye@1.1.0
129 silly addNamed semver.valid 1.1.0
130 silly addNamed semver.validRange 1.1.0
131 silly mapToRegistry name faye
132 silly mapToRegistry using default registry
133 silly mapToRegistry registry https://registry.npmjs.org/
134 silly mapToRegistry uri https://registry.npmjs.org/faye
135 verbose addNameVersion registry:https://registry.npmjs.org/faye not in flight; fetching
136 silly cache add args [ 'lodash@2.4.1', null ]
137 verbose cache add spec lodash@2.4.1
138 silly cache add parsed spec { raw: 'lodash@2.4.1',
138 silly cache add   scope: null,
138 silly cache add   name: 'lodash',
138 silly cache add   rawSpec: '2.4.1',
138 silly cache add   spec: '2.4.1',
138 silly cache add   type: 'version' }
139 verbose addNamed lodash@2.4.1
140 silly addNamed semver.valid 2.4.1
141 silly addNamed semver.validRange 2.4.1
142 silly mapToRegistry name lodash
143 silly mapToRegistry using default registry
144 silly mapToRegistry registry https://registry.npmjs.org/
145 silly mapToRegistry uri https://registry.npmjs.org/lodash
146 verbose addNameVersion registry:https://registry.npmjs.org/lodash not in flight; fetching
147 silly cache add args [ 'mime@1.2.11', null ]
148 verbose cache add spec mime@1.2.11
149 silly cache add parsed spec { raw: 'mime@1.2.11',
149 silly cache add   scope: null,
149 silly cache add   name: 'mime',
149 silly cache add   rawSpec: '1.2.11',
149 silly cache add   spec: '1.2.11',
149 silly cache add   type: 'version' }
150 verbose addNamed mime@1.2.11
151 silly addNamed semver.valid 1.2.11
152 silly addNamed semver.validRange 1.2.11
153 silly mapToRegistry name mime
154 silly mapToRegistry using default registry
155 silly mapToRegistry registry https://registry.npmjs.org/
156 silly mapToRegistry uri https://registry.npmjs.org/mime
157 verbose addNameVersion registry:https://registry.npmjs.org/mime not in flight; fetching
158 silly cache add args [ 'request@^2.49.0', null ]
159 verbose cache add spec request@^2.49.0
160 silly cache add parsed spec { raw: 'request@^2.49.0',
160 silly cache add   scope: null,
160 silly cache add   name: 'request',
160 silly cache add   rawSpec: '^2.49.0',
160 silly cache add   spec: '>=2.49.0 <3.0.0',
160 silly cache add   type: 'range' }
161 verbose addNamed request@>=2.49.0 <3.0.0
162 silly addNamed semver.valid null
163 silly addNamed semver.validRange >=2.49.0 <3.0.0
164 silly addNameRange { name: 'request', range: '>=2.49.0 <3.0.0', hasData: false }
165 silly mapToRegistry name request
166 silly mapToRegistry using default registry
167 silly mapToRegistry registry https://registry.npmjs.org/
168 silly mapToRegistry uri https://registry.npmjs.org/request
169 verbose addNameRange registry:https://registry.npmjs.org/request not in flight; fetching
170 silly cache add args [ 'bluebird@^2.3.11', null ]
171 verbose cache add spec bluebird@^2.3.11
172 silly cache add parsed spec { raw: 'bluebird@^2.3.11',
172 silly cache add   scope: null,
172 silly cache add   name: 'bluebird',
172 silly cache add   rawSpec: '^2.3.11',
172 silly cache add   spec: '>=2.3.11 <3.0.0',
172 silly cache add   type: 'range' }
173 verbose addNamed bluebird@>=2.3.11 <3.0.0
174 silly addNamed semver.valid null
175 silly addNamed semver.validRange >=2.3.11 <3.0.0
176 silly addNameRange { name: 'bluebird', range: '>=2.3.11 <3.0.0', hasData: false }
177 silly mapToRegistry name bluebird
178 silly mapToRegistry using default registry
179 silly mapToRegistry registry https://registry.npmjs.org/
180 silly mapToRegistry uri https://registry.npmjs.org/bluebird
181 verbose addNameRange registry:https://registry.npmjs.org/bluebird not in flight; fetching
182 verbose request uri https://registry.npmjs.org/faye
183 verbose request no auth needed
184 info attempt registry request try #1 at 8:26:53 AM
185 http request GET https://registry.npmjs.org/faye
186 verbose request uri https://registry.npmjs.org/mime
187 verbose request no auth needed
188 info attempt registry request try #1 at 8:26:53 AM
189 verbose etag "F5A3U5Y0UDNW2XU66NNF55BDR"
190 http request GET https://registry.npmjs.org/mime
191 verbose request uri https://registry.npmjs.org/lodash
192 verbose request no auth needed
193 info attempt registry request try #1 at 8:26:53 AM
194 verbose etag "1OAWNR3EVJSZW6JPQQ4WSCZJB"
195 http request GET https://registry.npmjs.org/lodash
196 verbose request uri https://registry.npmjs.org/request
197 verbose request no auth needed
198 info attempt registry request try #1 at 8:26:53 AM
199 verbose etag "EYRCPHK8WX9HI8A4U1Z6I3ANV"
200 http request GET https://registry.npmjs.org/request
201 verbose request uri https://registry.npmjs.org/bluebird
202 verbose request no auth needed
203 info attempt registry request try #1 at 8:26:53 AM
204 verbose etag "CQ1QC56ZWYIALZ1LW4GH7O7HY"
205 http request GET https://registry.npmjs.org/bluebird
206 http 200 https://registry.npmjs.org/mime
207 silly get cb [ 200,
207 silly get   { server: 'CouchDB/1.5.0 (Erlang OTP/R16B03)',
207 silly get     etag: '"3ZRQIU5H2D52GRYT3000WPDFS"',
207 silly get     'content-type': 'application/json',
207 silly get     'cache-control': 'max-age=60',
207 silly get     'content-length': '19817',
207 silly get     'accept-ranges': 'bytes',
207 silly get     date: 'Tue, 05 May 2015 13:26:54 GMT',
207 silly get     via: '1.1 varnish',
207 silly get     age: '24',
207 silly get     connection: 'keep-alive',
207 silly get     'x-served-by': 'cache-ord1734-ORD',
207 silly get     'x-cache': 'HIT',
207 silly get     'x-cache-hits': '1',
207 silly get     'x-timer': 'S1430832414.505864,VS0,VE0',
207 silly get     vary: 'Accept' } ]
208 verbose get saving mime to /Users/Kevin/.npm/registry.npmjs.org/mime/.cache.json
209 silly mapToRegistry name mime
210 silly mapToRegistry using default registry
211 silly mapToRegistry registry https://registry.npmjs.org/
212 silly mapToRegistry uri https://registry.npmjs.org/mime
213 verbose addRemoteTarball https://registry.npmjs.org/mime/-/mime-1.2.11.tgz not in flight; adding
214 verbose addRemoteTarball [ 'https://registry.npmjs.org/mime/-/mime-1.2.11.tgz',
214 verbose addRemoteTarball   '58203eed86e3a5ef17aed2b7d9ebd47f0a60dd10' ]
215 info retry fetch attempt 1 at 8:26:53 AM
216 info attempt registry request try #1 at 8:26:53 AM
217 http fetch GET https://registry.npmjs.org/mime/-/mime-1.2.11.tgz
218 http 200 https://registry.npmjs.org/lodash
219 silly get cb [ 200,
219 silly get   { server: 'CouchDB/1.5.0 (Erlang OTP/R16B03)',
219 silly get     etag: '"ASYRR044UXWJYRT0XXMUCNJVM"',
219 silly get     'content-type': 'application/json',
219 silly get     'cache-control': 'max-age=60',
219 silly get     'content-length': '96977',
219 silly get     'accept-ranges': 'bytes',
219 silly get     date: 'Tue, 05 May 2015 13:26:54 GMT',
219 silly get     via: '1.1 varnish',
219 silly get     age: '0',
219 silly get     connection: 'keep-alive',
219 silly get     'x-served-by': 'cache-ord1734-ORD',
219 silly get     'x-cache': 'HIT',
219 silly get     'x-cache-hits': '1',
219 silly get     'x-timer': 'S1430832414.497798,VS0,VE0',
219 silly get     vary: 'Accept' } ]
220 verbose get saving lodash to /Users/Kevin/.npm/registry.npmjs.org/lodash/.cache.json
221 silly mapToRegistry name lodash
222 silly mapToRegistry using default registry
223 silly mapToRegistry registry https://registry.npmjs.org/
224 silly mapToRegistry uri https://registry.npmjs.org/lodash
225 verbose addRemoteTarball https://registry.npmjs.org/lodash/-/lodash-2.4.1.tgz not in flight; adding
226 verbose addRemoteTarball [ 'https://registry.npmjs.org/lodash/-/lodash-2.4.1.tgz',
226 verbose addRemoteTarball   '5b7723034dda4d262e5a46fb2c58d7cc22f71420' ]
227 info retry fetch attempt 1 at 8:26:53 AM
228 info attempt registry request try #1 at 8:26:53 AM
229 http fetch GET https://registry.npmjs.org/lodash/-/lodash-2.4.1.tgz
230 http 200 https://registry.npmjs.org/faye
231 silly get cb [ 200,
231 silly get   { server: 'CouchDB/1.5.0 (Erlang OTP/R16B03)',
231 silly get     etag: '"9TL457WQHJQVDNMD6M118LRON"',
231 silly get     'content-type': 'application/json',
231 silly get     'cache-control': 'max-age=60',
231 silly get     'content-length': '43382',
231 silly get     'accept-ranges': 'bytes',
231 silly get     date: 'Tue, 05 May 2015 13:26:54 GMT',
231 silly get     via: '1.1 varnish',
231 silly get     age: '0',
231 silly get     connection: 'keep-alive',
231 silly get     'x-served-by': 'cache-ord1724-ORD',
231 silly get     'x-cache': 'MISS',
231 silly get     'x-cache-hits': '0',
231 silly get     'x-timer': 'S1430832414.479557,VS0,VE109',
231 silly get     vary: 'Accept' } ]
232 verbose get saving faye to /Users/Kevin/.npm/registry.npmjs.org/faye/.cache.json
233 http 200 https://registry.npmjs.org/request
234 silly get cb [ 200,
234 silly get   { server: 'CouchDB/1.5.0 (Erlang OTP/R16B03)',
234 silly get     etag: '"7AOHN9TJCHYU0FG0HHTSPCH0Q"',
234 silly get     'content-type': 'application/json',
234 silly get     'cache-control': 'max-age=60',
234 silly get     'content-length': '146121',
234 silly get     'accept-ranges': 'bytes',
234 silly get     date: 'Tue, 05 May 2015 13:26:54 GMT',
234 silly get     via: '1.1 varnish',
234 silly get     age: '17',
234 silly get     connection: 'keep-alive',
234 silly get     'x-served-by': 'cache-ord1726-ORD',
234 silly get     'x-cache': 'HIT',
234 silly get     'x-cache-hits': '3',
234 silly get     'x-timer': 'S1430832414.501036,VS0,VE0',
234 silly get     vary: 'Accept' } ]
235 verbose get saving request to /Users/Kevin/.npm/registry.npmjs.org/request/.cache.json
236 silly addNameRange number 2 { name: 'request', range: '>=2.49.0 <3.0.0', hasData: true }
237 silly addNameRange versions [ 'request',
237 silly addNameRange   [ '0.10.0',
237 silly addNameRange     '0.8.3',
237 silly addNameRange     '0.9.0',
237 silly addNameRange     '0.9.1',
237 silly addNameRange     '0.9.5',
237 silly addNameRange     '1.0.0',
237 silly addNameRange     '1.1.0',
237 silly addNameRange     '1.1.1',
237 silly addNameRange     '1.2.0',
237 silly addNameRange     '1.9.0',
237 silly addNameRange     '1.9.1',
237 silly addNameRange     '1.9.2',
237 silly addNameRange     '1.9.3',
237 silly addNameRange     '1.9.5',
237 silly addNameRange     '1.9.7',
237 silly addNameRange     '1.9.8',
237 silly addNameRange     '1.9.9',
237 silly addNameRange     '2.0.0',
237 silly addNameRange     '2.0.1',
237 silly addNameRange     '2.0.2',
237 silly addNameRange     '2.0.3',
237 silly addNameRange     '2.0.4',
237 silly addNameRange     '2.0.5',
237 silly addNameRange     '2.1.0',
237 silly addNameRange     '2.1.1',
237 silly addNameRange     '2.2.0',
237 silly addNameRange     '2.2.5',
237 silly addNameRange     '2.2.6',
237 silly addNameRange     '2.2.9',
237 silly addNameRange     '2.9.0',
237 silly addNameRange     '2.9.1',
237 silly addNameRange     '2.9.2',
237 silly addNameRange     '2.9.3',
237 silly addNameRange     '2.9.100',
237 silly addNameRange     '2.9.150',
237 silly addNameRange     '2.9.151',
237 silly addNameRange     '2.9.152',
237 silly addNameRange     '2.9.153',
237 silly addNameRange     '2.9.200',
237 silly addNameRange     '2.9.201',
237 silly addNameRange     '2.9.202',
237 silly addNameRange     '2.9.203',
237 silly addNameRange     '2.10.0',
237 silly addNameRange     '2.11.0',
237 silly addNameRange     '2.11.1',
237 silly addNameRange     '2.11.2',
237 silly addNameRange     '2.11.3',
237 silly addNameRange     '2.11.4',
237 silly addNameRange     '2.12.0',
237 silly addNameRange     '2.14.0',
237 silly addNameRange     '2.16.0',
237 silly addNameRange     '2.16.2',
237 silly addNameRange     '2.16.4',
237 silly addNameRange     '2.16.6',
237 silly addNameRange     '2.18.0',
237 silly addNameRange     '2.19.0',
237 silly addNameRange     '2.20.0',
237 silly addNameRange     '2.21.0',
237 silly addNameRange     '2.22.0',
237 silly addNameRange     '2.23.0',
237 silly addNameRange     '2.24.0',
237 silly addNameRange     '2.25.0',
237 silly addNameRange     '2.26.0',
237 silly addNameRange     '2.27.0',
237 silly addNameRange     '2.28.0',
237 silly addNameRange     '2.29.0',
237 silly addNameRange     '2.30.0',
237 silly addNameRange     '2.31.0',
237 silly addNameRange     '2.32.0',
237 silly addNameRange     '2.33.0',
237 silly addNameRange     '2.34.0',
237 silly addNameRange     '2.35.0',
237 silly addNameRange     '2.36.0',
237 silly addNameRange     '2.37.0',
237 silly addNameRange     '2.38.0',
237 silly addNameRange     '2.39.0',
237 silly addNameRange     '2.40.0',
237 silly addNameRange     '2.41.0',
237 silly addNameRange     '2.42.0',
237 silly addNameRange     '2.43.0',
237 silly addNameRange     '2.44.0',
237 silly addNameRange     '2.45.0',
237 silly addNameRange     '2.46.0',
237 silly addNameRange     '2.47.0',
237 silly addNameRange     '2.48.0',
237 silly addNameRange     '2.49.0',
237 silly addNameRange     '2.50.0',
237 silly addNameRange     '2.51.0',
237 silly addNameRange     '2.52.0',
237 silly addNameRange     '2.53.0',
237 silly addNameRange     '2.54.0',
237 silly addNameRange     '2.55.0' ] ]
238 verbose addNamed request@2.55.0
239 silly addNamed semver.valid 2.55.0
240 silly addNamed semver.validRange 2.55.0
241 silly mapToRegistry name faye
242 silly mapToRegistry using default registry
243 silly mapToRegistry registry https://registry.npmjs.org/
244 silly mapToRegistry uri https://registry.npmjs.org/faye
245 verbose addRemoteTarball https://registry.npmjs.org/faye/-/faye-1.1.0.tgz not in flight; adding
246 verbose addRemoteTarball [ 'https://registry.npmjs.org/faye/-/faye-1.1.0.tgz',
246 verbose addRemoteTarball   '830d2255a1d63d278a61fddf17cf024c4b1020b1' ]
247 info retry fetch attempt 1 at 8:26:53 AM
248 info attempt registry request try #1 at 8:26:53 AM
249 http fetch GET https://registry.npmjs.org/faye/-/faye-1.1.0.tgz
250 silly cache afterAdd request@2.55.0
251 verbose afterAdd /Users/Kevin/.npm/request/2.55.0/package/package.json not in flight; writing
252 verbose afterAdd /Users/Kevin/.npm/request/2.55.0/package/package.json written
253 http 200 https://registry.npmjs.org/bluebird
254 silly get cb [ 200,
254 silly get   { server: 'CouchDB/1.5.0 (Erlang OTP/R16B03)',
254 silly get     etag: '"EOCHEYA80BAKG8BZLDLWBA60T"',
254 silly get     'content-type': 'application/json',
254 silly get     'cache-control': 'max-age=60',
254 silly get     'content-length': '318958',
254 silly get     'accept-ranges': 'bytes',
254 silly get     date: 'Tue, 05 May 2015 13:26:54 GMT',
254 silly get     via: '1.1 varnish',
254 silly get     age: '57',
254 silly get     connection: 'keep-alive',
254 silly get     'x-served-by': 'cache-ord1720-ORD',
254 silly get     'x-cache': 'HIT',
254 silly get     'x-cache-hits': '1',
254 silly get     'x-timer': 'S1430832414.498322,VS0,VE1',
254 silly get     vary: 'Accept' } ]
255 verbose get saving bluebird to /Users/Kevin/.npm/registry.npmjs.org/bluebird/.cache.json
256 http fetch 200 https://registry.npmjs.org/mime/-/mime-1.2.11.tgz
257 silly addNameRange number 2 { name: 'bluebird', range: '>=2.3.11 <3.0.0', hasData: true }
258 silly addNameRange versions [ 'bluebird',
258 silly addNameRange   [ '0.7.1-1',
258 silly addNameRange     '0.7.1-2',
258 silly addNameRange     '0.7.1-3',
258 silly addNameRange     '0.7.1-4',
258 silly addNameRange     '0.7.1-5',
258 silly addNameRange     '0.7.2-0',
258 silly addNameRange     '0.7.3-0',
258 silly addNameRange     '0.7.4-0',
258 silly addNameRange     '0.7.4-1',
258 silly addNameRange     '0.7.5-0',
258 silly addNameRange     '0.7.6-0',
258 silly addNameRange     '0.7.7-0',
258 silly addNameRange     '0.7.7-1',
258 silly addNameRange     '0.7.8-0',
258 silly addNameRange     '0.7.8-1',
258 silly addNameRange     '0.7.9-0',
258 silly addNameRange     '0.7.9-1',
258 silly addNameRange     '0.7.10-0',
258 silly addNameRange     '0.7.10-1',
258 silly addNameRange     '0.7.11-0',
258 silly addNameRange     '0.7.12-0',
258 silly addNameRange     '0.7.12-1',
258 silly addNameRange     '0.7.12-2',
258 silly addNameRange     '0.8.0-0',
258 silly addNameRange     '0.8.0-1',
258 silly addNameRange     '0.8.0-2',
258 silly addNameRange     '0.8.0-3',
258 silly addNameRange     '0.8.1-0',
258 silly addNameRange     '0.8.2-0',
258 silly addNameRange     '0.8.2-1',
258 silly addNameRange     '0.8.2-2',
258 silly addNameRange     '0.8.3-0',
258 silly addNameRange     '0.8.3-1',
258 silly addNameRange     '0.8.3-2',
258 silly addNameRange     '0.8.3-3',
258 silly addNameRange     '0.8.4-0',
258 silly addNameRange     '0.8.4-1',
258 silly addNameRange     '0.8.5-0',
258 silly addNameRange     '0.8.5-1',
258 silly addNameRange     '0.9.0-0',
258 silly addNameRange     '0.9.1-0',
258 silly addNameRange     '0.9.1-1',
258 silly addNameRange     '0.9.2-0',
258 silly addNameRange     '0.9.2-1',
258 silly addNameRange     '0.9.3-0',
258 silly addNameRange     '0.9.4-0',
258 silly addNameRange     '0.9.4-1',
258 silly addNameRange     '0.9.5-0',
258 silly addNameRange     '0.9.6-0',
258 silly addNameRange     '0.9.7-0',
258 silly addNameRange     '0.9.8-0',
258 silly addNameRange     '0.9.9-0',
258 silly addNameRange     '0.9.10-0',
258 silly addNameRange     '0.9.10-1',
258 silly addNameRange     '0.9.11-0',
258 silly addNameRange     '0.9.11-1',
258 silly addNameRange     '0.10.0-0',
258 silly addNameRange     '0.10.0-1',
258 silly addNameRange     '0.10.1-0',
258 silly addNameRange     '0.10.2-0',
258 silly addNameRange     '0.10.2-1',
258 silly addNameRange     '0.10.3-0',
258 silly addNameRange     '0.10.4-0',
258 silly addNameRange     '0.10.4-1',
258 silly addNameRange     '0.10.5-0',
258 silly addNameRange     '0.10.6-0',
258 silly addNameRange     '0.10.7-0',
258 silly addNameRange     '0.10.8-0',
258 silly addNameRange     '0.10.9-0',
258 silly addNameRange     '0.10.9-1',
258 silly addNameRange     '0.10.10-0',
258 silly addNameRange     '0.10.11-0',
258 silly addNameRange     '0.10.11-1',
258 silly addNameRange     '0.10.11-2',
258 silly addNameRange     '0.10.11-4',
258 silly addNameRange     '0.10.12-0',
258 silly addNameRange     '0.10.13-0',
258 silly addNameRange     '0.10.13-1',
258 silly addNameRange     '0.10.14-0',
258 silly addNameRange     '0.11.0-0',
258 silly addNameRange     '0.11.1-0',
258 silly addNameRange     '0.11.2-0',
258 silly addNameRange     '0.11.3-0',
258 silly addNameRange     '0.11.4-0',
258 silly addNameRange     '0.11.4-1',
258 silly addNameRange     '0.11.5-0',
258 silly addNameRange     '0.11.5-1',
258 silly addNameRange     '0.11.6-0',
258 silly addNameRange     '1.0.0',
258 silly addNameRange     '1.0.1',
258 silly addNameRange     '1.0.2',
258 silly addNameRange     '1.0.3',
258 silly addNameRange     '1.0.4',
258 silly addNameRange     '1.0.5',
258 silly addNameRange     '1.0.7',
258 silly addNameRange     '1.0.8',
258 silly addNameRange     '1.1.0',
258 silly addNameRange     '1.1.1',
258 silly addNameRange     '1.2.0',
258 silly addNameRange     '1.2.1',
258 silly addNameRange     '1.2.2',
258 silly addNameRange     '1.2.3',
258 silly addNameRange     '1.2.4',
258 silly addNameRange     '2.0.2',
258 silly addNameRange     '2.0.3',
258 silly addNameRange     '2.0.4',
258 silly addNameRange     '2.0.5',
258 silly addNameRange     '2.0.6',
258 silly addNameRange     '2.0.7',
258 silly addNameRange     '2.1.1',
258 silly addNameRange     '2.1.2',
258 silly addNameRange     '2.1.3',
258 silly addNameRange     '2.2.0',
258 silly addNameRange     '2.2.1',
258 silly addNameRange     '2.2.2',
258 silly addNameRange     '2.3.0',
258 silly addNameRange     '2.3.1',
258 silly addNameRange     '2.3.2',
258 silly addNameRange     '2.3.3',
258 silly addNameRange     '2.3.4',
258 silly addNameRange     '2.3.5',
258 silly addNameRange     '0.11.6',
258 silly addNameRange     '2.3.6',
258 silly addNameRange     '2.3.9',
258 silly addNameRange     '2.3.10',
258 silly addNameRange     '2.3.11',
258 silly addNameRange     '2.4.0',
258 silly addNameRange     '2.4.1',
258 silly addNameRange     '2.4.2',
258 silly addNameRange     '2.4.3',
258 silly addNameRange     '2.5.0',
258 silly addNameRange     '2.5.1',
258 silly addNameRange     '2.5.2',
258 silly addNameRange     '2.5.3',
258 silly addNameRange     '2.6.0',
258 silly addNameRange     '2.6.1',
258 silly addNameRange     '2.6.2',
258 silly addNameRange     '2.6.3',
258 silly addNameRange     '2.6.4',
258 silly addNameRange     '2.7.0',
258 silly addNameRange     '2.7.1',
258 silly addNameRange     '2.8.0',
258 silly addNameRange     '2.8.1',
258 silly addNameRange     '2.8.2',
258 silly addNameRange     '2.9.0',
258 silly addNameRange     '2.9.1',
258 silly addNameRange     '2.9.2',
258 silly addNameRange     '2.9.3',
258 silly addNameRange     '2.9.4',
258 silly addNameRange     '2.9.5',
258 silly addNameRange     '2.9.6',
258 silly addNameRange     '2.9.7',
258 silly addNameRange     '2.9.8',
258 silly addNameRange     '2.9.9',
258 silly addNameRange     '2.9.10',
258 silly addNameRange     '2.9.11',
258 silly addNameRange     '2.9.12',
258 silly addNameRange     '2.9.13',
258 silly addNameRange     '2.9.14',
258 silly addNameRange     '2.9.15',
258 silly addNameRange     '2.9.16',
258 silly addNameRange     '2.9.17',
258 silly addNameRange     '2.9.18',
258 silly addNameRange     '2.9.19',
258 silly addNameRange     '2.9.20',
258 silly addNameRange     '2.9.21',
258 silly addNameRange     '2.9.22',
258 silly addNameRange     '2.9.23',
258 silly addNameRange     '2.9.24',
258 silly addNameRange     '2.9.25' ] ]
259 verbose addNamed bluebird@2.9.25
260 silly addNamed semver.valid 2.9.25
261 silly addNamed semver.validRange 2.9.25
262 silly mapToRegistry name bluebird
263 silly mapToRegistry using default registry
264 silly mapToRegistry registry https://registry.npmjs.org/
265 silly mapToRegistry uri https://registry.npmjs.org/bluebird
266 verbose addRemoteTarball https://registry.npmjs.org/bluebird/-/bluebird-2.9.25.tgz not in flight; adding
267 verbose addRemoteTarball [ 'https://registry.npmjs.org/bluebird/-/bluebird-2.9.25.tgz',
267 verbose addRemoteTarball   '6e36bd04064d9534c07160b9f7f26c5a738fe16a' ]
268 silly fetchAndShaCheck shasum 58203eed86e3a5ef17aed2b7d9ebd47f0a60dd10
269 info retry fetch attempt 1 at 8:26:53 AM
270 info attempt registry request try #1 at 8:26:53 AM
271 http fetch GET https://registry.npmjs.org/bluebird/-/bluebird-2.9.25.tgz
272 verbose addTmpTarball /var/folders/db/s99_7k0n7ld2zb9gz5yrzfq80000gn/T/npm-6121-97931efd/registry.npmjs.org/mime/-/mime-1.2.11.tgz not in flight; adding
273 verbose addTmpTarball already have metadata; skipping unpack for mime@1.2.11
274 silly cache afterAdd mime@1.2.11
275 verbose afterAdd /Users/Kevin/.npm/mime/1.2.11/package/package.json not in flight; writing
276 verbose afterAdd /Users/Kevin/.npm/mime/1.2.11/package/package.json written
277 http fetch 200 https://registry.npmjs.org/lodash/-/lodash-2.4.1.tgz
278 silly fetchAndShaCheck shasum 5b7723034dda4d262e5a46fb2c58d7cc22f71420
279 verbose addTmpTarball /var/folders/db/s99_7k0n7ld2zb9gz5yrzfq80000gn/T/npm-6121-97931efd/registry.npmjs.org/lodash/-/lodash-2.4.1.tgz not in flight; adding
280 verbose addTmpTarball already have metadata; skipping unpack for lodash@2.4.1
281 http fetch 200 https://registry.npmjs.org/bluebird/-/bluebird-2.9.25.tgz
282 silly cache afterAdd lodash@2.4.1
283 verbose afterAdd /Users/Kevin/.npm/lodash/2.4.1/package/package.json not in flight; writing
284 verbose afterAdd /Users/Kevin/.npm/lodash/2.4.1/package/package.json written
285 silly fetchAndShaCheck shasum 6e36bd04064d9534c07160b9f7f26c5a738fe16a
286 verbose addTmpTarball /var/folders/db/s99_7k0n7ld2zb9gz5yrzfq80000gn/T/npm-6121-97931efd/registry.npmjs.org/bluebird/-/bluebird-2.9.25.tgz not in flight; adding
287 verbose addTmpTarball already have metadata; skipping unpack for bluebird@2.9.25
288 http fetch 200 https://registry.npmjs.org/faye/-/faye-1.1.0.tgz
289 silly fetchAndShaCheck shasum 830d2255a1d63d278a61fddf17cf024c4b1020b1
290 verbose addTmpTarball /var/folders/db/s99_7k0n7ld2zb9gz5yrzfq80000gn/T/npm-6121-97931efd/registry.npmjs.org/faye/-/faye-1.1.0.tgz not in flight; adding
291 verbose addTmpTarball already have metadata; skipping unpack for faye@1.1.0
292 silly cache afterAdd faye@1.1.0
293 verbose afterAdd /Users/Kevin/.npm/faye/1.1.0/package/package.json not in flight; writing
294 verbose afterAdd /Users/Kevin/.npm/faye/1.1.0/package/package.json written
295 verbose about to build /Users/Kevin/Desktop/revume/node_modules/nforce
296 verbose unlock done using /Users/Kevin/.npm/_locks/nforce-aa995e5eb763430b.lock for /Users/Kevin/Desktop/revume/node_modules/nforce
297 verbose stack Error: EACCES, mkdir '/Users/Kevin/.npm/bluebird/2.9.25'
297 verbose stack     at Error (native)
298 verbose cwd /Users/Kevin/Desktop/revume
299 error Darwin 14.1.0
300 error argv "/usr/local/bin/node" "/usr/local/bin/npm" "install" "nforce"
301 error node v0.12.0
302 error npm  v2.5.1
303 error path /Users/Kevin/.npm/bluebird/2.9.25
304 error code EACCES
305 error errno -13
306 error Error: EACCES, mkdir '/Users/Kevin/.npm/bluebird/2.9.25'
306 error     at Error (native)
306 error  { [Error: EACCES, mkdir '/Users/Kevin/.npm/bluebird/2.9.25']
306 error   errno: -13,
306 error   code: 'EACCES',
306 error   path: '/Users/Kevin/.npm/bluebird/2.9.25',
306 error   parent: 'nforce' }
307 error Please try running this command again as root/Administrator.
308 verbose exit [ -13, true ]
309 verbose unbuild node_modules/nforce
310 info preuninstall nforce@1.1.1
311 info uninstall nforce@1.1.1
312 verbose unbuild rmStuff nforce@1.1.1 from /Users/Kevin/Desktop/revume/node_modules
313 info postuninstall nforce@1.1.1
314 verbose gentlyRm vacuuming /Users/Kevin/Desktop/revume/node_modules/nforce
315 silly gentlyRm purging /Users/Kevin/Desktop/revume/node_modules/nforce
316 silly gentlyRm quitting because other entries in /Users/Kevin/Desktop/revume/node_modules
